<?xml version="1.0" encoding="UTF-8"?>
<!-- Generated by org.testng.reporters.JUnitXMLReporter -->
<testsuite ignored="0" hostname="Tejaswi" failures="0" tests="3" name="Default test" time="54.689" errors="0" timestamp="2024-09-23T22:10:21 CDT">
  <testcase classname="amazon.ProjectOne.Testcase14_OrderedPage_5StarRating" name="fivestar_rating" time="12.063">
    <skipped/>
  </testcase> <!-- fivestar_rating -->
  <testcase classname="amazon.ProjectOne.Testcase14_OrderedPage_5StarRating" name="fivestar_rating" time="11.965">
    <skipped/>
  </testcase> <!-- fivestar_rating -->
  <testcase classname="amazon.ProjectOne.Testcase14_OrderedPage_5StarRating" name="fivestar_rating" time="8.96"/>
</testsuite> <!-- Default test -->
