<?xml version="1.0" encoding="UTF-8"?>
<!-- Generated by org.testng.reporters.JUnitXMLReporter -->
<testsuite ignored="0" hostname="Tejaswi" failures="0" tests="20" name="Test" time="356.499" errors="0" timestamp="2024-09-23T22:42:57 CDT">
  <testcase classname="amazon.ProjectOne.Testcase7_Productdetailspage" name="prdctdet" time="5.829"/>
  <testcase classname="amazon.ProjectOne.Testcase9_addingToCart" name="addingtocart" time="6.594"/>
  <testcase classname="amazon.ProjectOne.Testcase13_Couponcode" name="couponcode" time="10.033">
    <skipped/>
  </testcase> <!-- couponcode -->
  <testcase classname="amazon.ProjectOne.Testcase13_Couponcode" name="couponcode" time="20.028">
    <skipped/>
  </testcase> <!-- couponcode -->
  <testcase classname="amazon.ProjectOne.Testcase13_Couponcode" name="couponcode" time="26.266"/>
  <testcase classname="amazon.ProjectOne.Testcase15_ReachCartPage" name="cartpagewithoutlogin" time="7.75"/>
  <testcase classname="amazon.ProjectOne.Testcase12_Paymentmethod" name="paymentsmethod" time="17.65"/>
  <testcase classname="amazon.ProjectOne.Testcase6_searchingWithFilters" name="filters" time="3.711"/>
  <testcase classname="amazon.ProjectOne.Testcase10_CartQuantitles" name="cartquantity" time="10.05">
    <skipped/>
  </testcase> <!-- cartquantity -->
  <testcase classname="amazon.ProjectOne.Testcase10_CartQuantitles" name="cartquantity" time="9.32"/>
  <testcase classname="amazon.ProjectOne.Testcase4_EditProfile" name="editprfle" time="13.976">
    <skipped/>
  </testcase> <!-- editprfle -->
  <testcase classname="amazon.ProjectOne.Testcase4_EditProfile" name="editprfle" time="10.049"/>
  <testcase classname="amazon.ProjectOne.Testcase1_for_RegisterNewUser" name="register" time="2.182"/>
  <testcase classname="amazon.ProjectOne.Testcase11_untillPaymentsAndOrderdetails" name="checkout" time="27.684"/>
  <testcase classname="amazon.ProjectOne.Testcase8_sortby_Relevance_Price_Rating" name="sortbyprice" time="10.059">
    <skipped/>
  </testcase> <!-- sortbyprice -->
  <testcase classname="amazon.ProjectOne.Testcase8_sortby_Relevance_Price_Rating" name="sortbyprice" time="3.278"/>
  <testcase classname="amazon.ProjectOne.Testcase2_for_Loginwith_CorrectCredentials" name="login" time="6.211"/>
  <testcase classname="amazon.ProjectOne.Testcase3_for_Loginfails" name="loginwithincorrect" time="1.863"/>
  <testcase classname="amazon.ProjectOne.Testcase14_OrderedPage_5StarRating" name="fivestar_rating" time="6.926"/>
  <testcase classname="amazon.ProjectOne.Testcase5_searchingshoe" name="search" time="2.309"/>
</testsuite> <!-- Test -->
